2024-01-12 14:17:10,692 - Online Current Ampere: 16, Charge Energy added: 2.63, Charge Miles ideal: 11.0, Charge Limit: 80, Charge Status: Disconnected, Battery Lvl: 37
2024-01-12 14:17:10,876 - Charger disconnected, can not set charge!
2024-01-12 14:17:20,884 - next iteration!
2024-01-12 14:17:21,096 - Online Current Ampere: 16, Charge Energy added: 2.63, Charge Miles ideal: 11.0, Charge Limit: 80, Charge Status: Disconnected, Battery Lvl: 37
2024-01-12 14:17:21,270 - Charger disconnected, can not set charge!
2024-01-12 14:17:31,287 - next iteration!
2024-01-12 14:17:31,513 - Online Current Ampere: 16, Charge Energy added: 2.63, Charge Miles ideal: 11.0, Charge Limit: 80, Charge Status: Disconnected, Battery Lvl: 37
2024-01-12 14:17:31,912 - Charger disconnected, can not set charge!
2024-01-12 14:17:41,925 - next iteration!
2024-01-12 14:17:42,138 - Online Current Ampere: 16, Charge Energy added: 2.63, Charge Miles ideal: 11.0, Charge Limit: 80, Charge Status: Disconnected, Battery Lvl: 37
2024-01-12 14:17:42,305 - Charger disconnected, can not set charge!
2024-01-12 14:17:52,314 - next iteration!
2024-01-12 14:17:52,507 - Online Current Ampere: 16, Charge Energy added: 2.63, Charge Miles ideal: 11.0, Charge Limit: 80, Charge Status: Disconnected, Battery Lvl: 37
2024-01-12 14:17:52,706 - Charger disconnected, can not set charge!
2024-01-12 14:18:02,716 - next iteration!
2024-01-12 14:18:02,905 - Online Current Ampere: 16, Charge Energy added: 2.63, Charge Miles ideal: 11.0, Charge Limit: 80, Charge Status: Disconnected, Battery Lvl: 37
2024-01-12 14:18:03,185 - Charger disconnected, can not set charge!
2024-01-12 14:18:13,198 - next iteration!
2024-01-12 14:18:13,391 - Online Current Ampere: 16, Charge Energy added: 2.63, Charge Miles ideal: 11.0, Charge Limit: 80, Charge Status: Disconnected, Battery Lvl: 37
2024-01-12 14:18:13,673 - Charger disconnected, can not set charge!
2024-01-12 14:18:23,682 - next iteration!
2024-01-12 14:18:23,882 - Online Current Ampere: 16, Charge Energy added: 2.63, Charge Miles ideal: 11.0, Charge Limit: 80, Charge Status: Disconnected, Battery Lvl: 37
2024-01-12 14:18:24,057 - Charger disconnected, can not set charge!
2024-01-12 14:18:34,070 - next iteration!
2024-01-12 14:18:34,249 - Online Current Ampere: 16, Charge Energy added: 2.63, Charge Miles ideal: 11.0, Charge Limit: 80, Charge Status: Disconnected, Battery Lvl: 37
2024-01-12 14:18:34,553 - Charger disconnected, can not set charge!
2024-01-12 14:18:44,558 - next iteration!
2024-01-12 14:18:44,765 - Online Current Ampere: 16, Charge Energy added: 2.63, Charge Miles ideal: 11.0, Charge Limit: 80, Charge Status: Disconnected, Battery Lvl: 37
2024-01-12 14:18:44,938 - Charger disconnected, can not set charge!
2024-01-12 14:18:54,953 - next iteration!
2024-01-12 14:18:55,272 - Online Current Ampere: 16, Charge Energy added: 2.63, Charge Miles ideal: 11.0, Charge Limit: 80, Charge Status: Disconnected, Battery Lvl: 37
2024-01-12 14:18:55,622 - Charger disconnected, can not set charge!
2024-01-12 14:19:05,628 - next iteration!
2024-01-12 14:19:05,875 - Online Current Ampere: 16, Charge Energy added: 2.63, Charge Miles ideal: 11.0, Charge Limit: 80, Charge Status: Disconnected, Battery Lvl: 37
2024-01-12 14:19:06,134 - Charger disconnected, can not set charge!
2024-01-12 14:19:16,150 - next iteration!
2024-01-12 14:19:16,351 - Online Current Ampere: 16, Charge Energy added: 2.63, Charge Miles ideal: 11.0, Charge Limit: 80, Charge Status: Disconnected, Battery Lvl: 37
2024-01-12 14:19:16,658 - Charger disconnected, can not set charge!
2024-01-12 14:19:26,674 - next iteration!
2024-01-12 14:19:26,929 - Online Current Ampere: 16, Charge Energy added: 2.63, Charge Miles ideal: 11.0, Charge Limit: 80, Charge Status: Disconnected, Battery Lvl: 37
2024-01-12 14:19:27,095 - Charger disconnected, can not set charge!
2024-01-12 14:19:51,006 - start schleife
2024-01-12 14:20:01,214 - next iteration!
2024-01-12 14:20:01,468 - Online Current Ampere: 16, Charge Energy added: 2.63, Charge Miles ideal: 11.0, Charge Limit: 80, Charge Status: Disconnected, Battery Lvl: 37
2024-01-12 14:20:01,661 - Charger disconnected, can not set charge!
2024-01-12 14:21:08,092 - start schleife
2024-01-12 14:21:18,288 - next iteration!
2024-01-12 14:21:18,520 - Online Current Ampere: 16, Charge Energy added: 2.63, Charge Miles ideal: 11.0, Charge Limit: 80, Charge Status: Disconnected, Battery Lvl: 37
2024-01-12 14:21:18,695 - Charger disconnected, can not set charge!
2024-01-12 14:21:39,055 - start schleife
2024-01-12 14:21:49,275 - next iteration!
2024-01-12 14:21:49,539 - Online Current Ampere: 16, Charge Energy added: 2.63, Charge Miles ideal: 11.0, Charge Limit: 80, Charge Status: Disconnected, Battery Lvl: 37
2024-01-12 14:21:49,724 - Charger disconnected, can not set charge!
2024-01-12 14:22:06,578 - start schleife
2024-01-12 14:22:16,845 - next iteration!
2024-01-12 14:22:17,039 - Online Current Ampere: 16, Charge Energy added: 2.63, Charge Miles ideal: 11.0, Charge Limit: 80, Charge Status: Disconnected, Battery Lvl: 37
2024-01-12 14:22:17,230 - Charger disconnected, can not set charge!
2024-01-12 14:22:27,235 - next iteration!
2024-01-12 14:22:27,455 - Online Current Ampere: 16, Charge Energy added: 2.63, Charge Miles ideal: 11.0, Charge Limit: 80, Charge Status: Disconnected, Battery Lvl: 37
2024-01-12 14:22:27,632 - Charger disconnected, can not set charge!
2024-01-12 14:22:37,637 - next iteration!
2024-01-12 14:22:37,862 - Online Current Ampere: 16, Charge Energy added: 2.63, Charge Miles ideal: 11.0, Charge Limit: 80, Charge Status: Disconnected, Battery Lvl: 37
2024-01-12 14:22:38,044 - Charger disconnected, can not set charge!
2024-01-12 14:22:48,051 - next iteration!
2024-01-12 14:22:48,230 - Online Current Ampere: 16, Charge Energy added: 2.63, Charge Miles ideal: 11.0, Charge Limit: 80, Charge Status: Disconnected, Battery Lvl: 37
2024-01-12 14:22:48,412 - Charger disconnected, can not set charge!
2024-01-12 14:22:58,422 - next iteration!
2024-01-12 14:22:58,604 - Online Current Ampere: 16, Charge Energy added: 2.63, Charge Miles ideal: 11.0, Charge Limit: 80, Charge Status: Disconnected, Battery Lvl: 37
2024-01-12 14:22:58,792 - Charger disconnected, can not set charge!
2024-01-12 14:23:08,804 - next iteration!
2024-01-12 14:23:09,013 - Online Current Ampere: 16, Charge Energy added: 2.63, Charge Miles ideal: 11.0, Charge Limit: 80, Charge Status: Disconnected, Battery Lvl: 37
2024-01-12 14:23:09,214 - Charger disconnected, can not set charge!
2024-01-12 14:23:19,220 - next iteration!
2024-01-12 14:23:19,397 - Online Current Ampere: 16, Charge Energy added: 2.63, Charge Miles ideal: 11.0, Charge Limit: 80, Charge Status: Disconnected, Battery Lvl: 37
2024-01-12 14:23:19,579 - Charger disconnected, can not set charge!
2024-01-12 14:23:29,581 - next iteration!
2024-01-12 14:23:29,775 - Online Current Ampere: 16, Charge Energy added: 2.63, Charge Miles ideal: 11.0, Charge Limit: 80, Charge Status: Disconnected, Battery Lvl: 37
2024-01-12 14:23:29,971 - Charger disconnected, can not set charge!
2024-01-12 14:23:39,988 - next iteration!
2024-01-12 14:23:40,187 - Online Current Ampere: 16, Charge Energy added: 2.63, Charge Miles ideal: 11.0, Charge Limit: 80, Charge Status: Disconnected, Battery Lvl: 37
2024-01-12 14:23:40,368 - Charger disconnected, can not set charge!
2024-01-12 14:23:50,378 - next iteration!
2024-01-12 14:23:50,602 - Online Current Ampere: 16, Charge Energy added: 2.63, Charge Miles ideal: 11.0, Charge Limit: 80, Charge Status: Disconnected, Battery Lvl: 37
2024-01-12 14:23:50,783 - Charger disconnected, can not set charge!
2024-01-12 14:24:00,798 - next iteration!
2024-01-12 14:24:01,149 - Online Current Ampere: 16, Charge Energy added: 2.63, Charge Miles ideal: 11.0, Charge Limit: 80, Charge Status: Disconnected, Battery Lvl: 37
2024-01-12 14:24:01,376 - Charger disconnected, can not set charge!
2024-01-12 14:24:11,391 - next iteration!
2024-01-12 14:24:11,580 - Online Current Ampere: 16, Charge Energy added: 2.63, Charge Miles ideal: 11.0, Charge Limit: 80, Charge Status: Disconnected, Battery Lvl: 37
2024-01-12 14:24:11,784 - Charger disconnected, can not set charge!
2024-01-12 14:24:21,802 - next iteration!
2024-01-12 14:24:21,996 - Online Current Ampere: 16, Charge Energy added: 2.63, Charge Miles ideal: 11.0, Charge Limit: 80, Charge Status: Disconnected, Battery Lvl: 37
2024-01-12 14:24:22,475 - Charger disconnected, can not set charge!
2024-01-12 14:24:29,815 - start schleife
2024-01-12 14:24:40,022 - next iteration!
2024-01-12 14:24:40,214 - Online Current Ampere: 16, Charge Energy added: 2.63, Charge Miles ideal: 11.0, Charge Limit: 80, Charge Status: Disconnected, Battery Lvl: 37
2024-01-12 14:24:40,403 - Charger disconnected, can not set charge!
2024-01-12 14:24:50,408 - next iteration!
2024-01-12 14:24:50,601 - Online Current Ampere: 16, Charge Energy added: 2.63, Charge Miles ideal: 11.0, Charge Limit: 80, Charge Status: Disconnected, Battery Lvl: 37
2024-01-12 14:24:50,800 - Charger disconnected, can not set charge!
2024-01-12 14:25:00,811 - next iteration!
2024-01-12 14:25:01,016 - Online Current Ampere: 16, Charge Energy added: 2.63, Charge Miles ideal: 11.0, Charge Limit: 80, Charge Status: Disconnected, Battery Lvl: 37
2024-01-12 14:25:01,211 - Charger disconnected, can not set charge!
2024-01-12 14:25:11,222 - next iteration!
2024-01-12 14:25:11,447 - Online Current Ampere: 16, Charge Energy added: 2.63, Charge Miles ideal: 11.0, Charge Limit: 80, Charge Status: Disconnected, Battery Lvl: 37
2024-01-12 14:25:11,736 - Charger disconnected, can not set charge!
2024-01-12 14:25:14,994 - start schleife
2024-01-12 14:25:25,184 - next iteration!
2024-01-12 14:25:25,382 - Online Current Ampere: 16, Charge Energy added: 2.63, Charge Miles ideal: 11.0, Charge Limit: 80, Charge Status: Disconnected, Battery Lvl: 37
2024-01-12 14:25:25,566 - Charger disconnected, can not set charge!
2024-01-12 14:25:35,585 - next iteration!
2024-01-12 14:25:35,963 - Online Current Ampere: 16, Charge Energy added: 2.63, Charge Miles ideal: 11.0, Charge Limit: 80, Charge Status: Disconnected, Battery Lvl: 37
2024-01-12 14:25:36,152 - Charger disconnected, can not set charge!
2024-01-12 14:25:46,166 - next iteration!
2024-01-12 14:25:46,461 - Online Current Ampere: 16, Charge Energy added: 2.63, Charge Miles ideal: 11.0, Charge Limit: 80, Charge Status: Disconnected, Battery Lvl: 37
2024-01-12 14:25:46,653 - Charger disconnected, can not set charge!
2024-01-12 14:25:56,667 - next iteration!
2024-01-12 14:25:56,862 - Online Current Ampere: 16, Charge Energy added: 2.63, Charge Miles ideal: 11.0, Charge Limit: 80, Charge Status: Disconnected, Battery Lvl: 37
2024-01-12 14:25:57,038 - Charger disconnected, can not set charge!
2024-01-12 14:26:07,050 - next iteration!
2024-01-12 14:26:07,445 - Online Current Ampere: 16, Charge Energy added: 2.63, Charge Miles ideal: 11.0, Charge Limit: 80, Charge Status: Disconnected, Battery Lvl: 37
2024-01-12 14:26:07,616 - Charger disconnected, can not set charge!
2024-01-12 14:26:17,631 - next iteration!
2024-01-12 14:26:18,082 - Online Current Ampere: 16, Charge Energy added: 2.63, Charge Miles ideal: 11.0, Charge Limit: 80, Charge Status: Disconnected, Battery Lvl: 37
2024-01-12 14:26:18,266 - Charger disconnected, can not set charge!
2024-01-12 14:26:28,270 - next iteration!
2024-01-12 14:26:28,484 - Online Current Ampere: 16, Charge Energy added: 2.63, Charge Miles ideal: 11.0, Charge Limit: 80, Charge Status: Disconnected, Battery Lvl: 37
2024-01-12 14:26:28,684 - Charger disconnected, can not set charge!
2024-01-12 14:26:38,698 - next iteration!
2024-01-12 14:26:38,939 - Online Current Ampere: 16, Charge Energy added: 2.63, Charge Miles ideal: 11.0, Charge Limit: 80, Charge Status: Disconnected, Battery Lvl: 37
2024-01-12 14:26:39,117 - Charger disconnected, can not set charge!
2024-01-12 14:26:49,120 - next iteration!
2024-01-12 14:26:49,345 - Online Current Ampere: 16, Charge Energy added: 2.63, Charge Miles ideal: 11.0, Charge Limit: 80, Charge Status: Disconnected, Battery Lvl: 37
2024-01-12 14:26:49,537 - Charger disconnected, can not set charge!
2024-01-12 14:26:59,551 - next iteration!
2024-01-12 14:26:59,761 - Online Current Ampere: 16, Charge Energy added: 2.63, Charge Miles ideal: 11.0, Charge Limit: 80, Charge Status: Disconnected, Battery Lvl: 37
2024-01-12 14:26:59,931 - Charger disconnected, can not set charge!
2024-01-12 14:27:09,933 - next iteration!
2024-01-12 14:27:10,151 - Online Current Ampere: 16, Charge Energy added: 2.63, Charge Miles ideal: 11.0, Charge Limit: 80, Charge Status: Disconnected, Battery Lvl: 37
2024-01-12 14:27:10,341 - Charger disconnected, can not set charge!
2024-01-12 14:27:20,354 - next iteration!
2024-01-12 14:27:20,563 - Online Current Ampere: 16, Charge Energy added: 2.63, Charge Miles ideal: 11.0, Charge Limit: 80, Charge Status: Disconnected, Battery Lvl: 37
2024-01-12 14:27:20,782 - Charger disconnected, can not set charge!
2024-01-12 14:27:27,404 - start schleife
2024-01-12 14:27:37,614 - next iteration!
2024-01-12 14:27:38,241 - Online Current Ampere: 16, Charge Energy added: 2.63, Charge Miles ideal: 11.0, Charge Limit: 80, Charge Status: Disconnected, Battery Lvl: 37
2024-01-12 14:27:38,483 - Charger disconnected, can not set charge!
2024-01-12 14:27:49,671 - start schleife
2024-01-12 14:28:40,987 - start schleife
2024-01-12 14:28:51,166 - next iteration!
2024-01-12 14:28:51,469 - Online Current Ampere: 16, Charge Energy added: 2.63, Charge Miles ideal: 11.0, Charge Limit: 80, Charge Status: Disconnected, Battery Lvl: 37
2024-01-12 14:28:51,727 - Charger disconnected, can not set charge!
2024-01-12 14:29:01,734 - next iteration!
2024-01-12 14:29:01,953 - Online Current Ampere: 16, Charge Energy added: 2.63, Charge Miles ideal: 11.0, Charge Limit: 80, Charge Status: Disconnected, Battery Lvl: 37
2024-01-12 14:29:02,370 - Charger disconnected, can not set charge!
2024-01-12 14:29:12,378 - next iteration!
2024-01-12 14:29:12,746 - Online Current Ampere: 16, Charge Energy added: 2.63, Charge Miles ideal: 11.0, Charge Limit: 80, Charge Status: Disconnected, Battery Lvl: 37
2024-01-12 14:29:12,918 - Charger disconnected, can not set charge!
2024-01-12 14:29:22,935 - next iteration!
2024-01-12 14:29:23,124 - Online Current Ampere: 16, Charge Energy added: 2.63, Charge Miles ideal: 11.0, Charge Limit: 80, Charge Status: Disconnected, Battery Lvl: 37
2024-01-12 14:29:23,300 - Charger disconnected, can not set charge!
2024-01-12 14:29:33,308 - next iteration!
2024-01-12 14:29:33,663 - Online Current Ampere: 16, Charge Energy added: 2.63, Charge Miles ideal: 11.0, Charge Limit: 80, Charge Status: Disconnected, Battery Lvl: 37
2024-01-12 14:29:33,845 - Charger disconnected, can not set charge!
2024-01-12 14:29:43,857 - next iteration!
2024-01-12 14:29:44,064 - Online Current Ampere: 16, Charge Energy added: 2.63, Charge Miles ideal: 11.0, Charge Limit: 80, Charge Status: Disconnected, Battery Lvl: 37
2024-01-12 14:29:44,235 - Charger disconnected, can not set charge!
2024-01-12 14:29:51,894 - start schleife
2024-01-12 14:30:23,887 - start schleife
2024-01-12 14:30:34,121 - next iteration!
2024-01-12 14:30:34,328 - Online Current Ampere: 16, Charge Energy added: 2.63, Charge Miles ideal: 11.0, Charge Limit: 80, Charge Status: Disconnected, Battery Lvl: 36
2024-01-12 14:30:35,003 - Charger disconnected, can not set charge!
2024-01-12 14:30:45,013 - next iteration!
2024-01-12 14:30:45,210 - Online Current Ampere: 16, Charge Energy added: 2.63, Charge Miles ideal: 11.0, Charge Limit: 80, Charge Status: Disconnected, Battery Lvl: 36
2024-01-12 14:30:45,396 - Charger disconnected, can not set charge!
2024-01-12 14:30:55,407 - next iteration!
2024-01-12 14:30:55,624 - Online Current Ampere: 16, Charge Energy added: 2.63, Charge Miles ideal: 11.0, Charge Limit: 80, Charge Status: Disconnected, Battery Lvl: 36
2024-01-12 14:30:55,907 - Charger disconnected, can not set charge!
2024-01-12 14:33:11,218 - start schleife
2024-01-12 14:33:21,422 - next iteration!
2024-01-12 14:33:21,598 - Online Current Ampere: 16, Charge Energy added: 2.63, Charge Miles ideal: 11.0, Charge Limit: 80, Charge Status: Disconnected, Battery Lvl: 36
2024-01-12 14:33:21,789 - Charger disconnected, can not set charge!
2024-01-12 14:33:37,772 - start schleife
2024-01-12 14:33:53,237 - start schleife
2024-01-12 14:34:03,439 - next iteration!
2024-01-12 14:34:03,630 - Online Current Ampere: 16, Charge Energy added: 2.63, Charge Miles ideal: 11.0, Charge Limit: 80, Charge Status: Disconnected, Battery Lvl: 35
2024-01-12 14:34:03,810 - Charger disconnected, can not set charge!
2024-01-12 14:34:13,822 - next iteration!
2024-01-12 14:34:14,005 - Online Current Ampere: 16, Charge Energy added: 2.63, Charge Miles ideal: 11.0, Charge Limit: 80, Charge Status: Disconnected, Battery Lvl: 35
2024-01-12 14:34:14,214 - Charger disconnected, can not set charge!
2024-01-12 14:34:24,225 - next iteration!
2024-01-12 14:34:24,415 - Online Current Ampere: 16, Charge Energy added: 2.63, Charge Miles ideal: 11.0, Charge Limit: 80, Charge Status: Disconnected, Battery Lvl: 35
2024-01-12 14:34:24,611 - Charger disconnected, can not set charge!
2024-01-12 14:34:38,292 - start schleife
2024-01-12 14:34:54,854 - start schleife
2024-01-12 14:35:05,058 - next iteration!
2024-01-12 14:35:05,264 - Online Current Ampere: 16, Charge Energy added: 2.63, Charge Miles ideal: 11.0, Charge Limit: 80, Charge Status: Disconnected, Battery Lvl: 35
2024-01-12 14:35:05,470 - Charger disconnected, can not set charge!
2024-01-12 14:35:15,474 - next iteration!
2024-01-12 14:35:15,666 - Online Current Ampere: 16, Charge Energy added: 2.63, Charge Miles ideal: 11.0, Charge Limit: 80, Charge Status: Disconnected, Battery Lvl: 35
2024-01-12 14:35:15,960 - Charger disconnected, can not set charge!
2024-01-12 14:35:25,968 - next iteration!
2024-01-12 14:35:26,229 - Online Current Ampere: 16, Charge Energy added: 2.63, Charge Miles ideal: 11.0, Charge Limit: 80, Charge Status: Disconnected, Battery Lvl: 35
2024-01-12 14:35:26,477 - Charger disconnected, can not set charge!
2024-01-12 14:35:36,493 - next iteration!
2024-01-12 14:35:36,671 - Online Current Ampere: 16, Charge Energy added: 2.63, Charge Miles ideal: 11.0, Charge Limit: 80, Charge Status: Disconnected, Battery Lvl: 35
2024-01-12 14:35:36,980 - Charger disconnected, can not set charge!
2024-01-12 14:35:46,986 - next iteration!
2024-01-12 14:35:47,162 - Online Current Ampere: 16, Charge Energy added: 2.63, Charge Miles ideal: 11.0, Charge Limit: 80, Charge Status: Disconnected, Battery Lvl: 35
2024-01-12 14:35:47,358 - Charger disconnected, can not set charge!
2024-01-12 14:36:02,637 - start schleife
2024-01-12 14:36:12,849 - next iteration!
2024-01-12 14:36:13,035 - Online Current Ampere: 16, Charge Energy added: 2.63, Charge Miles ideal: 11.0, Charge Limit: 80, Charge Status: Disconnected, Battery Lvl: 35
2024-01-12 14:36:13,238 - Charger disconnected, can not set charge!
2024-01-12 14:36:23,255 - next iteration!
2024-01-12 14:36:23,455 - Online Current Ampere: 16, Charge Energy added: 2.63, Charge Miles ideal: 11.0, Charge Limit: 80, Charge Status: Disconnected, Battery Lvl: 35
2024-01-12 14:36:23,667 - Charger disconnected, can not set charge!
2024-01-12 14:36:33,674 - next iteration!
2024-01-12 14:36:33,856 - Online Current Ampere: 16, Charge Energy added: 2.63, Charge Miles ideal: 11.0, Charge Limit: 80, Charge Status: Disconnected, Battery Lvl: 35
2024-01-12 14:36:34,043 - Charger disconnected, can not set charge!
2024-01-12 14:36:44,050 - next iteration!
2024-01-12 14:36:44,240 - Online Current Ampere: 16, Charge Energy added: 2.63, Charge Miles ideal: 11.0, Charge Limit: 80, Charge Status: Disconnected, Battery Lvl: 35
2024-01-12 14:36:44,421 - Charger disconnected, can not set charge!
2024-01-12 14:36:54,425 - next iteration!
2024-01-12 14:36:54,621 - Online Current Ampere: 16, Charge Energy added: 2.63, Charge Miles ideal: 11.0, Charge Limit: 80, Charge Status: Disconnected, Battery Lvl: 35
2024-01-12 14:36:54,811 - Charger disconnected, can not set charge!
2024-01-12 14:37:04,827 - next iteration!
2024-01-12 14:37:05,122 - Online Current Ampere: 16, Charge Energy added: 2.63, Charge Miles ideal: 11.0, Charge Limit: 80, Charge Status: Disconnected, Battery Lvl: 35
2024-01-12 14:37:05,319 - Charger disconnected, can not set charge!
2024-01-12 14:37:15,323 - next iteration!
2024-01-12 14:37:15,526 - Online Current Ampere: 16, Charge Energy added: 2.63, Charge Miles ideal: 11.0, Charge Limit: 80, Charge Status: Disconnected, Battery Lvl: 35
2024-01-12 14:37:15,726 - Charger disconnected, can not set charge!
2024-01-12 14:37:25,730 - next iteration!
2024-01-12 14:37:25,909 - Online Current Ampere: 16, Charge Energy added: 2.63, Charge Miles ideal: 11.0, Charge Limit: 80, Charge Status: Disconnected, Battery Lvl: 35
2024-01-12 14:37:26,106 - Charger disconnected, can not set charge!
2024-01-12 14:37:36,120 - next iteration!
2024-01-12 14:37:36,316 - Online Current Ampere: 16, Charge Energy added: 2.63, Charge Miles ideal: 11.0, Charge Limit: 80, Charge Status: Disconnected, Battery Lvl: 34
2024-01-12 14:37:36,505 - Charger disconnected, can not set charge!
2024-01-12 14:37:46,521 - next iteration!
2024-01-12 14:37:46,942 - Online Current Ampere: 16, Charge Energy added: 2.63, Charge Miles ideal: 11.0, Charge Limit: 80, Charge Status: Disconnected, Battery Lvl: 34
2024-01-12 14:37:47,204 - Charger disconnected, can not set charge!
2024-01-12 14:37:57,217 - next iteration!
2024-01-12 14:37:57,415 - Online Current Ampere: 16, Charge Energy added: 2.63, Charge Miles ideal: 11.0, Charge Limit: 80, Charge Status: Disconnected, Battery Lvl: 34
2024-01-12 14:37:57,616 - Charger disconnected, can not set charge!
2024-01-12 14:38:07,630 - next iteration!
2024-01-12 14:38:07,927 - Online Current Ampere: 16, Charge Energy added: 2.63, Charge Miles ideal: 11.0, Charge Limit: 80, Charge Status: Disconnected, Battery Lvl: 34
2024-01-12 14:38:08,116 - Charger disconnected, can not set charge!
2024-01-12 14:38:18,133 - next iteration!
2024-01-12 14:38:18,317 - Online Current Ampere: 16, Charge Energy added: 2.63, Charge Miles ideal: 11.0, Charge Limit: 80, Charge Status: Disconnected, Battery Lvl: 34
2024-01-12 14:38:18,534 - Charger disconnected, can not set charge!
2024-01-12 14:38:28,549 - next iteration!
2024-01-12 14:38:28,732 - Online Current Ampere: 16, Charge Energy added: 2.63, Charge Miles ideal: 11.0, Charge Limit: 80, Charge Status: Disconnected, Battery Lvl: 34
2024-01-12 14:38:28,923 - Charger disconnected, can not set charge!
2024-01-12 14:38:38,929 - next iteration!
2024-01-12 14:38:39,109 - Online Current Ampere: 16, Charge Energy added: 2.63, Charge Miles ideal: 11.0, Charge Limit: 80, Charge Status: Disconnected, Battery Lvl: 34
2024-01-12 14:38:39,322 - Charger disconnected, can not set charge!
2024-01-12 14:38:49,329 - next iteration!
2024-01-12 14:38:49,543 - Online Current Ampere: 16, Charge Energy added: 2.63, Charge Miles ideal: 11.0, Charge Limit: 80, Charge Status: Disconnected, Battery Lvl: 34
2024-01-12 14:38:49,741 - Charger disconnected, can not set charge!
2024-01-12 14:38:59,757 - next iteration!
2024-01-12 14:38:59,944 - Online Current Ampere: 16, Charge Energy added: 2.63, Charge Miles ideal: 11.0, Charge Limit: 80, Charge Status: Disconnected, Battery Lvl: 34
2024-01-12 14:39:00,128 - Charger disconnected, can not set charge!
2024-01-12 14:39:10,131 - next iteration!
2024-01-12 14:39:10,335 - Online Current Ampere: 16, Charge Energy added: 2.63, Charge Miles ideal: 11.0, Charge Limit: 80, Charge Status: Disconnected, Battery Lvl: 34
2024-01-12 14:39:10,532 - Charger disconnected, can not set charge!
2024-01-12 14:39:20,543 - next iteration!
2024-01-12 14:39:20,737 - Online Current Ampere: 16, Charge Energy added: 2.63, Charge Miles ideal: 11.0, Charge Limit: 80, Charge Status: Disconnected, Battery Lvl: 34
2024-01-12 14:39:20,953 - Charger disconnected, can not set charge!
2024-01-12 14:39:30,963 - next iteration!
2024-01-12 14:39:31,142 - Online Current Ampere: 16, Charge Energy added: 2.63, Charge Miles ideal: 11.0, Charge Limit: 80, Charge Status: Disconnected, Battery Lvl: 34
2024-01-12 14:39:31,321 - Charger disconnected, can not set charge!
2024-01-12 14:39:41,323 - next iteration!
2024-01-12 14:39:41,511 - Online Current Ampere: 16, Charge Energy added: 2.63, Charge Miles ideal: 11.0, Charge Limit: 80, Charge Status: Disconnected, Battery Lvl: 34
2024-01-12 14:39:41,695 - Charger disconnected, can not set charge!
2024-01-12 14:39:51,704 - next iteration!
2024-01-12 14:39:51,905 - Online Current Ampere: 16, Charge Energy added: 2.63, Charge Miles ideal: 11.0, Charge Limit: 80, Charge Status: Disconnected, Battery Lvl: 34
2024-01-12 14:39:52,098 - Charger disconnected, can not set charge!
2024-01-12 14:40:02,113 - next iteration!
2024-01-12 14:40:02,314 - Online Current Ampere: 16, Charge Energy added: 2.63, Charge Miles ideal: 11.0, Charge Limit: 80, Charge Status: Disconnected, Battery Lvl: 34
2024-01-12 14:40:02,489 - Charger disconnected, can not set charge!
2024-01-12 14:40:12,500 - next iteration!
2024-01-12 14:40:12,848 - Online Current Ampere: 16, Charge Energy added: 2.63, Charge Miles ideal: 11.0, Charge Limit: 80, Charge Status: Disconnected, Battery Lvl: 34
2024-01-12 14:40:13,184 - Charger disconnected, can not set charge!
2024-01-12 14:40:23,200 - next iteration!
2024-01-12 14:40:23,389 - Online Current Ampere: 16, Charge Energy added: 2.63, Charge Miles ideal: 11.0, Charge Limit: 80, Charge Status: Disconnected, Battery Lvl: 34
2024-01-12 14:40:23,751 - Charger disconnected, can not set charge!
2024-01-12 14:40:33,766 - next iteration!
2024-01-12 14:40:33,956 - Online Current Ampere: 16, Charge Energy added: 2.63, Charge Miles ideal: 11.0, Charge Limit: 80, Charge Status: Disconnected, Battery Lvl: 34
2024-01-12 14:40:34,131 - Charger disconnected, can not set charge!
2024-01-12 14:40:44,145 - next iteration!
2024-01-12 14:40:44,360 - Online Current Ampere: 16, Charge Energy added: 2.63, Charge Miles ideal: 11.0, Charge Limit: 80, Charge Status: Disconnected, Battery Lvl: 34
2024-01-12 14:40:44,564 - Charger disconnected, can not set charge!
2024-01-12 14:40:54,578 - next iteration!
2024-01-12 14:40:54,759 - Online Current Ampere: 16, Charge Energy added: 2.63, Charge Miles ideal: 11.0, Charge Limit: 80, Charge Status: Disconnected, Battery Lvl: 34
2024-01-12 14:40:54,939 - Charger disconnected, can not set charge!
2024-01-12 14:41:04,952 - next iteration!
2024-01-12 14:41:05,134 - Online Current Ampere: 16, Charge Energy added: 2.63, Charge Miles ideal: 11.0, Charge Limit: 80, Charge Status: Disconnected, Battery Lvl: 34
2024-01-12 14:41:05,321 - Charger disconnected, can not set charge!
2024-01-12 14:41:15,332 - next iteration!
2024-01-12 14:41:15,518 - Online Current Ampere: 16, Charge Energy added: 2.63, Charge Miles ideal: 11.0, Charge Limit: 80, Charge Status: Disconnected, Battery Lvl: 34
2024-01-12 14:41:15,710 - Charger disconnected, can not set charge!
2024-01-12 14:41:25,716 - next iteration!
2024-01-12 14:41:25,906 - Online Current Ampere: 16, Charge Energy added: 2.63, Charge Miles ideal: 11.0, Charge Limit: 80, Charge Status: Disconnected, Battery Lvl: 34
2024-01-12 14:41:26,098 - Charger disconnected, can not set charge!
2024-01-12 14:41:26,286 - reinit tesla
2024-01-12 14:41:36,289 - next iteration!
2024-01-12 14:41:36,491 - Online Current Ampere: 16, Charge Energy added: 2.63, Charge Miles ideal: 11.0, Charge Limit: 80, Charge Status: Disconnected, Battery Lvl: 34
2024-01-12 14:41:36,692 - Charger disconnected, can not set charge!
2024-01-12 14:41:46,703 - next iteration!
2024-01-12 14:41:46,895 - Online Current Ampere: 16, Charge Energy added: 2.63, Charge Miles ideal: 11.0, Charge Limit: 80, Charge Status: Disconnected, Battery Lvl: 34
2024-01-12 14:41:47,179 - Charger disconnected, can not set charge!
2024-01-12 14:41:57,187 - next iteration!
2024-01-12 14:41:57,429 - Online Current Ampere: 16, Charge Energy added: 2.63, Charge Miles ideal: 11.0, Charge Limit: 80, Charge Status: Disconnected, Battery Lvl: 34
2024-01-12 14:41:57,596 - Charger disconnected, can not set charge!
2024-01-12 14:42:07,611 - next iteration!
2024-01-12 14:42:07,867 - Online Current Ampere: 16, Charge Energy added: 2.63, Charge Miles ideal: 11.0, Charge Limit: 80, Charge Status: Disconnected, Battery Lvl: 34
2024-01-12 14:42:08,198 - Charger disconnected, can not set charge!
2024-01-12 14:42:18,213 - next iteration!
2024-01-12 14:42:18,432 - Online Current Ampere: 16, Charge Energy added: 2.63, Charge Miles ideal: 11.0, Charge Limit: 80, Charge Status: Disconnected, Battery Lvl: 34
2024-01-12 14:42:18,652 - Charger disconnected, can not set charge!
2024-01-12 14:42:28,666 - next iteration!
2024-01-12 14:42:28,865 - Online Current Ampere: 16, Charge Energy added: 2.63, Charge Miles ideal: 11.0, Charge Limit: 80, Charge Status: Disconnected, Battery Lvl: 34
2024-01-12 14:42:29,044 - Charger disconnected, can not set charge!
2024-01-12 14:42:39,056 - next iteration!
2024-01-12 14:42:39,250 - Online Current Ampere: 16, Charge Energy added: 2.63, Charge Miles ideal: 11.0, Charge Limit: 80, Charge Status: Disconnected, Battery Lvl: 34
2024-01-12 14:42:39,542 - Charger disconnected, can not set charge!
2024-01-12 14:42:49,552 - next iteration!
2024-01-12 14:42:49,759 - Online Current Ampere: 16, Charge Energy added: 2.63, Charge Miles ideal: 11.0, Charge Limit: 80, Charge Status: Disconnected, Battery Lvl: 34
2024-01-12 14:42:49,941 - Charger disconnected, can not set charge!
2024-01-12 14:42:59,950 - next iteration!
2024-01-12 14:43:00,141 - Online Current Ampere: 16, Charge Energy added: 2.63, Charge Miles ideal: 11.0, Charge Limit: 80, Charge Status: Disconnected, Battery Lvl: 34
2024-01-12 14:43:00,362 - Charger disconnected, can not set charge!
2024-01-12 14:43:10,371 - next iteration!
2024-01-12 14:43:10,559 - Online Current Ampere: 16, Charge Energy added: 2.63, Charge Miles ideal: 11.0, Charge Limit: 80, Charge Status: Disconnected, Battery Lvl: 34
2024-01-12 14:43:10,745 - Charger disconnected, can not set charge!
2024-01-12 14:43:16,414 - start schleife
2024-01-12 14:43:26,598 - next iteration!
2024-01-12 14:43:26,784 - Online Current Ampere: 16, Charge Energy added: 2.63, Charge Miles ideal: 11.0, Charge Limit: 80, Charge Status: Disconnected, Battery Lvl: 34
2024-01-12 14:43:26,971 - Charger disconnected, can not set charge!
2024-01-12 14:43:36,983 - next iteration!
2024-01-12 14:43:37,161 - Online Current Ampere: 16, Charge Energy added: 2.63, Charge Miles ideal: 11.0, Charge Limit: 80, Charge Status: Disconnected, Battery Lvl: 34
2024-01-12 14:43:37,329 - Charger disconnected, can not set charge!
2024-01-12 14:43:47,342 - next iteration!
2024-01-12 14:43:47,511 - Online Current Ampere: 16, Charge Energy added: 2.63, Charge Miles ideal: 11.0, Charge Limit: 80, Charge Status: Disconnected, Battery Lvl: 34
2024-01-12 14:43:47,692 - Charger disconnected, can not set charge!
2024-01-12 14:43:57,697 - next iteration!
2024-01-12 14:43:57,881 - Online Current Ampere: 16, Charge Energy added: 2.63, Charge Miles ideal: 11.0, Charge Limit: 80, Charge Status: Disconnected, Battery Lvl: 34
2024-01-12 14:43:58,059 - Charger disconnected, can not set charge!
2024-01-12 14:44:08,071 - next iteration!
2024-01-12 14:44:08,331 - Online Current Ampere: 16, Charge Energy added: 2.63, Charge Miles ideal: 11.0, Charge Limit: 80, Charge Status: Disconnected, Battery Lvl: 34
2024-01-12 14:44:08,528 - Charger disconnected, can not set charge!
2024-01-12 14:44:18,535 - next iteration!
2024-01-12 14:44:18,747 - Online Current Ampere: 16, Charge Energy added: 2.63, Charge Miles ideal: 11.0, Charge Limit: 80, Charge Status: Disconnected, Battery Lvl: 34
2024-01-12 14:44:18,983 - Charger disconnected, can not set charge!
2024-01-12 14:44:28,990 - next iteration!
2024-01-12 14:44:29,215 - Online Current Ampere: 16, Charge Energy added: 2.63, Charge Miles ideal: 11.0, Charge Limit: 80, Charge Status: Disconnected, Battery Lvl: 34
2024-01-12 14:44:29,409 - Charger disconnected, can not set charge!
2024-01-12 14:44:39,412 - next iteration!
2024-01-12 14:44:39,584 - Online Current Ampere: 16, Charge Energy added: 2.63, Charge Miles ideal: 11.0, Charge Limit: 80, Charge Status: Disconnected, Battery Lvl: 34
2024-01-12 14:44:39,763 - Charger disconnected, can not set charge!
2024-01-12 14:44:49,771 - next iteration!
2024-01-12 14:44:50,079 - Online Current Ampere: 16, Charge Energy added: 2.63, Charge Miles ideal: 11.0, Charge Limit: 80, Charge Status: Disconnected, Battery Lvl: 34
2024-01-12 14:44:50,268 - Charger disconnected, can not set charge!
2024-01-12 14:45:00,271 - next iteration!
2024-01-12 14:45:00,457 - Online Current Ampere: 16, Charge Energy added: 2.63, Charge Miles ideal: 11.0, Charge Limit: 80, Charge Status: Disconnected, Battery Lvl: 34
2024-01-12 14:45:00,655 - Charger disconnected, can not set charge!
2024-01-12 14:45:10,661 - next iteration!
2024-01-12 14:45:10,875 - Online Current Ampere: 16, Charge Energy added: 2.63, Charge Miles ideal: 11.0, Charge Limit: 80, Charge Status: Disconnected, Battery Lvl: 34
2024-01-12 14:45:11,103 - Charger disconnected, can not set charge!
2024-01-12 14:45:21,113 - next iteration!
2024-01-12 14:45:21,288 - Online Current Ampere: 16, Charge Energy added: 2.63, Charge Miles ideal: 11.0, Charge Limit: 80, Charge Status: Disconnected, Battery Lvl: 34
2024-01-12 14:45:21,472 - Charger disconnected, can not set charge!
2024-01-12 14:45:31,490 - next iteration!
2024-01-12 14:45:31,687 - Online Current Ampere: 16, Charge Energy added: 2.63, Charge Miles ideal: 11.0, Charge Limit: 80, Charge Status: Disconnected, Battery Lvl: 34
2024-01-12 14:45:31,917 - Charger disconnected, can not set charge!
2024-01-12 14:45:41,928 - next iteration!
2024-01-12 14:45:42,232 - Online Current Ampere: 16, Charge Energy added: 2.63, Charge Miles ideal: 11.0, Charge Limit: 80, Charge Status: Disconnected, Battery Lvl: 34
2024-01-12 14:45:42,420 - Charger disconnected, can not set charge!
2024-01-12 14:45:52,425 - next iteration!
2024-01-12 14:45:52,618 - Online Current Ampere: 16, Charge Energy added: 2.63, Charge Miles ideal: 11.0, Charge Limit: 80, Charge Status: Disconnected, Battery Lvl: 34
2024-01-12 14:45:52,815 - Charger disconnected, can not set charge!
2024-01-12 14:46:02,827 - next iteration!
2024-01-12 14:46:03,084 - Online Current Ampere: 16, Charge Energy added: 2.63, Charge Miles ideal: 11.0, Charge Limit: 80, Charge Status: Disconnected, Battery Lvl: 33
2024-01-12 14:46:03,279 - Charger disconnected, can not set charge!
2024-01-12 14:46:13,292 - next iteration!
2024-01-12 14:46:13,511 - Online Current Ampere: 16, Charge Energy added: 2.63, Charge Miles ideal: 11.0, Charge Limit: 80, Charge Status: Disconnected, Battery Lvl: 33
2024-01-12 14:46:13,702 - Charger disconnected, can not set charge!
2024-01-12 14:46:23,719 - next iteration!
2024-01-12 14:46:23,914 - Online Current Ampere: 16, Charge Energy added: 2.63, Charge Miles ideal: 11.0, Charge Limit: 80, Charge Status: Disconnected, Battery Lvl: 33
2024-01-12 14:46:24,100 - Charger disconnected, can not set charge!
2024-01-12 14:46:34,108 - next iteration!
2024-01-12 14:46:34,563 - Online Current Ampere: 16, Charge Energy added: 2.63, Charge Miles ideal: 11.0, Charge Limit: 80, Charge Status: Disconnected, Battery Lvl: 33
2024-01-12 14:46:34,773 - Charger disconnected, can not set charge!
2024-01-12 14:46:44,789 - next iteration!
2024-01-12 14:46:44,978 - Online Current Ampere: 16, Charge Energy added: 2.63, Charge Miles ideal: 11.0, Charge Limit: 80, Charge Status: Disconnected, Battery Lvl: 33
2024-01-12 14:46:45,147 - Charger disconnected, can not set charge!
2024-01-12 14:46:55,161 - next iteration!
2024-01-12 14:46:55,357 - Online Current Ampere: 16, Charge Energy added: 2.63, Charge Miles ideal: 11.0, Charge Limit: 80, Charge Status: Disconnected, Battery Lvl: 33
2024-01-12 14:46:55,550 - Charger disconnected, can not set charge!
2024-01-12 14:47:05,562 - next iteration!
2024-01-12 14:47:05,878 - Online Current Ampere: 16, Charge Energy added: 2.63, Charge Miles ideal: 11.0, Charge Limit: 80, Charge Status: Disconnected, Battery Lvl: 33
2024-01-12 14:47:06,104 - Charger disconnected, can not set charge!
2024-01-12 14:47:16,116 - next iteration!
2024-01-12 14:47:16,294 - Online Current Ampere: 16, Charge Energy added: 2.63, Charge Miles ideal: 11.0, Charge Limit: 80, Charge Status: Disconnected, Battery Lvl: 33
2024-01-12 14:47:16,475 - Charger disconnected, can not set charge!
2024-01-12 14:47:26,485 - next iteration!
2024-01-12 14:47:26,719 - Online Current Ampere: 16, Charge Energy added: 2.63, Charge Miles ideal: 11.0, Charge Limit: 80, Charge Status: Disconnected, Battery Lvl: 33
2024-01-12 14:47:26,923 - Charger disconnected, can not set charge!
2024-01-12 14:47:36,934 - next iteration!
2024-01-12 14:47:37,156 - Online Current Ampere: 16, Charge Energy added: 2.63, Charge Miles ideal: 11.0, Charge Limit: 80, Charge Status: Disconnected, Battery Lvl: 33
2024-01-12 14:47:37,325 - Charger disconnected, can not set charge!
2024-01-12 14:47:47,338 - next iteration!
2024-01-12 14:47:47,653 - Online Current Ampere: 16, Charge Energy added: 2.63, Charge Miles ideal: 11.0, Charge Limit: 80, Charge Status: Disconnected, Battery Lvl: 33
2024-01-12 14:47:47,846 - Charger disconnected, can not set charge!
2024-01-12 14:47:57,850 - next iteration!
2024-01-12 14:47:58,030 - Online Current Ampere: 16, Charge Energy added: 2.63, Charge Miles ideal: 11.0, Charge Limit: 80, Charge Status: Disconnected, Battery Lvl: 33
2024-01-12 14:47:58,224 - Charger disconnected, can not set charge!
2024-01-12 14:48:08,233 - next iteration!
2024-01-12 14:48:08,658 - Online Current Ampere: 16, Charge Energy added: 2.63, Charge Miles ideal: 11.0, Charge Limit: 80, Charge Status: Disconnected, Battery Lvl: 33
2024-01-12 14:48:08,879 - Charger disconnected, can not set charge!
2024-01-12 14:48:18,883 - next iteration!
2024-01-12 14:48:19,067 - Online Current Ampere: 16, Charge Energy added: 2.63, Charge Miles ideal: 11.0, Charge Limit: 80, Charge Status: Disconnected, Battery Lvl: 33
2024-01-12 14:48:19,263 - Charger disconnected, can not set charge!
2024-01-12 14:48:29,278 - next iteration!
2024-01-12 14:48:29,467 - Online Current Ampere: 16, Charge Energy added: 2.63, Charge Miles ideal: 11.0, Charge Limit: 80, Charge Status: Disconnected, Battery Lvl: 33
2024-01-12 14:48:29,643 - Charger disconnected, can not set charge!
2024-01-12 14:48:39,654 - next iteration!
2024-01-12 14:48:39,855 - Online Current Ampere: 16, Charge Energy added: 2.63, Charge Miles ideal: 11.0, Charge Limit: 80, Charge Status: Disconnected, Battery Lvl: 33
2024-01-12 14:48:40,037 - Charger disconnected, can not set charge!
2024-01-12 14:48:40,213 - reinit tesla
2024-01-12 14:48:50,224 - next iteration!
2024-01-12 14:48:50,389 - Online Current Ampere: 16, Charge Energy added: 2.63, Charge Miles ideal: 11.0, Charge Limit: 80, Charge Status: Disconnected, Battery Lvl: 33
2024-01-12 14:48:50,563 - Charger disconnected, can not set charge!
2024-01-12 14:49:00,577 - next iteration!
2024-01-12 14:49:00,759 - Online Current Ampere: 16, Charge Energy added: 2.63, Charge Miles ideal: 11.0, Charge Limit: 80, Charge Status: Disconnected, Battery Lvl: 33
2024-01-12 14:49:01,282 - Charger disconnected, can not set charge!
2024-01-12 14:49:11,297 - next iteration!
2024-01-12 14:49:11,744 - Online Current Ampere: 16, Charge Energy added: 2.63, Charge Miles ideal: 11.0, Charge Limit: 80, Charge Status: Disconnected, Battery Lvl: 33
2024-01-12 14:49:11,934 - Charger disconnected, can not set charge!
2024-01-12 14:49:21,949 - next iteration!
2024-01-12 14:49:22,162 - Online Current Ampere: 16, Charge Energy added: 2.63, Charge Miles ideal: 11.0, Charge Limit: 80, Charge Status: Disconnected, Battery Lvl: 33
2024-01-12 14:49:22,322 - Charger disconnected, can not set charge!
2024-01-12 14:49:32,340 - next iteration!
2024-01-12 14:49:32,577 - Online Current Ampere: 16, Charge Energy added: 2.63, Charge Miles ideal: 11.0, Charge Limit: 80, Charge Status: Disconnected, Battery Lvl: 33
2024-01-12 14:49:32,764 - Charger disconnected, can not set charge!
2024-01-12 14:49:42,767 - next iteration!
2024-01-12 14:49:43,019 - Online Current Ampere: 16, Charge Energy added: 2.63, Charge Miles ideal: 11.0, Charge Limit: 80, Charge Status: Disconnected, Battery Lvl: 33
2024-01-12 14:49:43,208 - Charger disconnected, can not set charge!
2024-01-12 14:49:53,211 - next iteration!
2024-01-12 14:49:53,574 - Online Current Ampere: 16, Charge Energy added: 2.63, Charge Miles ideal: 11.0, Charge Limit: 80, Charge Status: Disconnected, Battery Lvl: 33
2024-01-12 14:49:53,782 - Charger disconnected, can not set charge!
2024-01-12 14:50:03,799 - next iteration!
2024-01-12 14:50:04,112 - Online Current Ampere: 16, Charge Energy added: 2.63, Charge Miles ideal: 11.0, Charge Limit: 80, Charge Status: Disconnected, Battery Lvl: 33
2024-01-12 14:50:04,277 - Charger disconnected, can not set charge!
2024-01-12 14:50:14,286 - next iteration!
2024-01-12 14:50:14,698 - Online Current Ampere: 16, Charge Energy added: 2.63, Charge Miles ideal: 11.0, Charge Limit: 80, Charge Status: Disconnected, Battery Lvl: 33
2024-01-12 14:50:14,887 - Charger disconnected, can not set charge!
2024-01-12 14:50:24,904 - next iteration!
2024-01-12 14:50:25,123 - Online Current Ampere: 16, Charge Energy added: 2.63, Charge Miles ideal: 11.0, Charge Limit: 80, Charge Status: Disconnected, Battery Lvl: 33
2024-01-12 14:50:25,322 - Charger disconnected, can not set charge!
2024-01-12 14:50:35,333 - next iteration!
2024-01-12 14:50:35,588 - Online Current Ampere: 16, Charge Energy added: 2.63, Charge Miles ideal: 11.0, Charge Limit: 80, Charge Status: Disconnected, Battery Lvl: 33
2024-01-12 14:50:35,899 - Charger disconnected, can not set charge!
2024-01-12 14:50:45,902 - next iteration!
2024-01-12 14:50:46,092 - Online Current Ampere: 16, Charge Energy added: 2.63, Charge Miles ideal: 11.0, Charge Limit: 80, Charge Status: Disconnected, Battery Lvl: 33
2024-01-12 14:50:46,275 - Charger disconnected, can not set charge!
2024-01-12 14:50:56,279 - next iteration!
2024-01-12 14:50:56,607 - Online Current Ampere: 16, Charge Energy added: 2.63, Charge Miles ideal: 11.0, Charge Limit: 80, Charge Status: Disconnected, Battery Lvl: 33
2024-01-12 14:50:56,815 - Charger disconnected, can not set charge!
2024-01-12 14:51:06,817 - next iteration!
2024-01-12 14:51:07,480 - Online Current Ampere: 16, Charge Energy added: 2.63, Charge Miles ideal: 11.0, Charge Limit: 80, Charge Status: Disconnected, Battery Lvl: 33
2024-01-12 14:51:07,877 - Charger disconnected, can not set charge!
2024-01-12 14:51:17,885 - next iteration!
2024-01-12 14:51:18,105 - Online Current Ampere: 16, Charge Energy added: 2.63, Charge Miles ideal: 11.0, Charge Limit: 80, Charge Status: Disconnected, Battery Lvl: 33
2024-01-12 14:51:18,265 - Charger disconnected, can not set charge!
2024-01-12 14:51:28,268 - next iteration!
2024-01-12 14:51:28,468 - Online Current Ampere: 16, Charge Energy added: 2.63, Charge Miles ideal: 11.0, Charge Limit: 80, Charge Status: Disconnected, Battery Lvl: 33
2024-01-12 14:51:28,654 - Charger disconnected, can not set charge!
2024-01-12 14:51:38,670 - next iteration!
2024-01-12 14:51:39,002 - Online Current Ampere: 16, Charge Energy added: 2.63, Charge Miles ideal: 11.0, Charge Limit: 80, Charge Status: Disconnected, Battery Lvl: 33
2024-01-12 14:51:39,176 - Charger disconnected, can not set charge!
2024-01-12 14:51:49,183 - next iteration!
2024-01-12 14:51:49,404 - Online Current Ampere: 16, Charge Energy added: 2.63, Charge Miles ideal: 11.0, Charge Limit: 80, Charge Status: Disconnected, Battery Lvl: 33
2024-01-12 14:51:49,607 - Charger disconnected, can not set charge!
2024-01-12 14:51:59,609 - next iteration!
2024-01-12 14:51:59,859 - Online Current Ampere: 16, Charge Energy added: 2.63, Charge Miles ideal: 11.0, Charge Limit: 80, Charge Status: Disconnected, Battery Lvl: 33
2024-01-12 14:52:00,015 - Charger disconnected, can not set charge!
2024-01-12 14:52:10,020 - next iteration!
2024-01-12 14:52:10,507 - Online Current Ampere: 16, Charge Energy added: 2.63, Charge Miles ideal: 11.0, Charge Limit: 80, Charge Status: Disconnected, Battery Lvl: 33
2024-01-12 14:52:10,822 - Charger disconnected, can not set charge!
2024-01-12 14:52:20,828 - next iteration!
2024-01-12 14:52:21,035 - Online Current Ampere: 16, Charge Energy added: 2.63, Charge Miles ideal: 11.0, Charge Limit: 80, Charge Status: Disconnected, Battery Lvl: 33
2024-01-12 14:52:21,367 - Charger disconnected, can not set charge!
2024-01-12 14:52:31,379 - next iteration!
2024-01-12 14:52:31,714 - Online Current Ampere: 16, Charge Energy added: 2.63, Charge Miles ideal: 11.0, Charge Limit: 80, Charge Status: Disconnected, Battery Lvl: 33
2024-01-12 14:52:32,026 - Charger disconnected, can not set charge!
